{
  "stats": {
    "suites": 2,
    "tests": 50,
    "passes": 37,
    "pending": 0,
    "failures": 13,
    "start": "2021-02-01T15:05:17.990Z",
    "end": "2021-02-01T15:06:26.706Z",
    "duration": 68716,
    "testsRegistered": 50,
    "passPercent": 74,
    "pendingPercent": 0,
    "other": 0,
    "hasOther": false,
    "skipped": 0,
    "hasSkipped": false
  },
  "results": [
    {
      "uuid": "5d3c4842-25b6-4f42-846f-a31527a3bbf4",
      "title": "",
      "fullFile": "",
      "file": "",
      "beforeHooks": [],
      "afterHooks": [],
      "tests": [],
      "suites": [
        {
          "uuid": "d914357a-1181-405c-82c9-50e604dde4ce",
          "title": "Mocha Test",
          "fullFile": "/Users/zhangmingyu/airWallexApiTest/test/main.test.js",
          "file": "/main.test.js",
          "beforeHooks": [],
          "afterHooks": [],
          "tests": [],
          "suites": [
            {
              "uuid": "dd3ea8b2-8db4-43c6-a23e-cbbcfdae6ca9",
              "title": "Test start",
              "fullFile": "/Users/zhangmingyu/airWallexApiTest/test/main.test.js",
              "file": "/main.test.js",
              "beforeHooks": [],
              "afterHooks": [],
              "tests": [
                {
                  "title": "Test scenario: Expect Success : LOCAL + US + AccountName2 + AccountNo1 + aba",
                  "fullTitle": "Mocha Test Test start Test scenario: Expect Success : LOCAL + US + AccountName2 + AccountNo1 + aba",
                  "timedOut": false,
                  "duration": 1019,
                  "state": "passed",
                  "speed": "slow",
                  "pass": true,
                  "fail": false,
                  "pending": false,
                  "context": null,
                  "code": "if(test.enable){\n    await wrapper.httpClientWrapper(test.reqestInfo, test.expect.status_code, test.expect.body);\n    }\nelse{\n    this.skip()   //skip a test case\n    }",
                  "err": {},
                  "uuid": "2bf6cd93-0611-45d0-a108-72f0e2b67f8d",
                  "parentUUID": "dd3ea8b2-8db4-43c6-a23e-cbbcfdae6ca9",
                  "isHook": false,
                  "skipped": false
                },
                {
                  "title": "Test scenario: Expect Success : LOCAL + US + AccountName5(special character) + AccountNo10(special character) + aba(special character)",
                  "fullTitle": "Mocha Test Test start Test scenario: Expect Success : LOCAL + US + AccountName5(special character) + AccountNo10(special character) + aba(special character)",
                  "timedOut": false,
                  "duration": 1013,
                  "state": "passed",
                  "speed": "slow",
                  "pass": true,
                  "fail": false,
                  "pending": false,
                  "context": null,
                  "code": "if(test.enable){\n    await wrapper.httpClientWrapper(test.reqestInfo, test.expect.status_code, test.expect.body);\n    }\nelse{\n    this.skip()   //skip a test case\n    }",
                  "err": {},
                  "uuid": "78db5fef-ecd4-40e0-af1f-28bbbf498a23",
                  "parentUUID": "dd3ea8b2-8db4-43c6-a23e-cbbcfdae6ca9",
                  "isHook": false,
                  "skipped": false
                },
                {
                  "title": "Test scenario: Expect Success : LOCAL + US + AccountName10 + AccountNo17 + aba(special character) + wrong swift code(check ignore)",
                  "fullTitle": "Mocha Test Test start Test scenario: Expect Success : LOCAL + US + AccountName10 + AccountNo17 + aba(special character) + wrong swift code(check ignore)",
                  "timedOut": false,
                  "duration": 934,
                  "state": "passed",
                  "speed": "slow",
                  "pass": true,
                  "fail": false,
                  "pending": false,
                  "context": null,
                  "code": "if(test.enable){\n    await wrapper.httpClientWrapper(test.reqestInfo, test.expect.status_code, test.expect.body);\n    }\nelse{\n    this.skip()   //skip a test case\n    }",
                  "err": {},
                  "uuid": "e3396b63-0925-4b9a-91d8-3d7bcb3ff733",
                  "parentUUID": "dd3ea8b2-8db4-43c6-a23e-cbbcfdae6ca9",
                  "isHook": false,
                  "skipped": false
                },
                {
                  "title": "Test scenario: Expect Success : SWIFT + US + AccountName2 + AccountNo1 + swift code8 + aba",
                  "fullTitle": "Mocha Test Test start Test scenario: Expect Success : SWIFT + US + AccountName2 + AccountNo1 + swift code8 + aba",
                  "timedOut": false,
                  "duration": 1004,
                  "state": "passed",
                  "speed": "slow",
                  "pass": true,
                  "fail": false,
                  "pending": false,
                  "context": null,
                  "code": "if(test.enable){\n    await wrapper.httpClientWrapper(test.reqestInfo, test.expect.status_code, test.expect.body);\n    }\nelse{\n    this.skip()   //skip a test case\n    }",
                  "err": {},
                  "uuid": "03b3b845-201f-4fea-8757-b8dad37dd799",
                  "parentUUID": "dd3ea8b2-8db4-43c6-a23e-cbbcfdae6ca9",
                  "isHook": false,
                  "skipped": false
                },
                {
                  "title": "Test scenario: Expect Success : SWIFT + US + AccountName10 + AccountNo9 + swift code11(special character)  + aba(special character)",
                  "fullTitle": "Mocha Test Test start Test scenario: Expect Success : SWIFT + US + AccountName10 + AccountNo9 + swift code11(special character)  + aba(special character)",
                  "timedOut": false,
                  "duration": 1128,
                  "state": "passed",
                  "speed": "slow",
                  "pass": true,
                  "fail": false,
                  "pending": false,
                  "context": null,
                  "code": "if(test.enable){\n    await wrapper.httpClientWrapper(test.reqestInfo, test.expect.status_code, test.expect.body);\n    }\nelse{\n    this.skip()   //skip a test case\n    }",
                  "err": {},
                  "uuid": "4d1c48d3-f314-4bfd-a21b-50561794e5a5",
                  "parentUUID": "dd3ea8b2-8db4-43c6-a23e-cbbcfdae6ca9",
                  "isHook": false,
                  "skipped": false
                },
                {
                  "title": "Test scenario: Expect Success : SWIFT + US + AccountName5(special character) + AccountNo10(special character) + swift code8 + aba",
                  "fullTitle": "Mocha Test Test start Test scenario: Expect Success : SWIFT + US + AccountName5(special character) + AccountNo10(special character) + swift code8 + aba",
                  "timedOut": false,
                  "duration": 888,
                  "state": "passed",
                  "speed": "slow",
                  "pass": true,
                  "fail": false,
                  "pending": false,
                  "context": null,
                  "code": "if(test.enable){\n    await wrapper.httpClientWrapper(test.reqestInfo, test.expect.status_code, test.expect.body);\n    }\nelse{\n    this.skip()   //skip a test case\n    }",
                  "err": {},
                  "uuid": "4fad34ce-e96a-491f-ad17-5ec561923a6e",
                  "parentUUID": "dd3ea8b2-8db4-43c6-a23e-cbbcfdae6ca9",
                  "isHook": false,
                  "skipped": false
                },
                {
                  "title": "Test scenario: Expect Success : LOCAL + AU + AccountName2 + AccountNo6 + bsb",
                  "fullTitle": "Mocha Test Test start Test scenario: Expect Success : LOCAL + AU + AccountName2 + AccountNo6 + bsb",
                  "timedOut": false,
                  "duration": 2931,
                  "state": "passed",
                  "speed": "slow",
                  "pass": true,
                  "fail": false,
                  "pending": false,
                  "context": null,
                  "code": "if(test.enable){\n    await wrapper.httpClientWrapper(test.reqestInfo, test.expect.status_code, test.expect.body);\n    }\nelse{\n    this.skip()   //skip a test case\n    }",
                  "err": {},
                  "uuid": "c14d88ec-494e-46ea-8a38-b4a6a0367dc2",
                  "parentUUID": "dd3ea8b2-8db4-43c6-a23e-cbbcfdae6ca9",
                  "isHook": false,
                  "skipped": false
                },
                {
                  "title": "Test scenario: Expect Success : LOCAL + AU + AccountName10 + AccountNo9 + bsb(special character) + wrong swift code(check ignore)",
                  "fullTitle": "Mocha Test Test start Test scenario: Expect Success : LOCAL + AU + AccountName10 + AccountNo9 + bsb(special character) + wrong swift code(check ignore)",
                  "timedOut": false,
                  "duration": 933,
                  "state": "passed",
                  "speed": "slow",
                  "pass": true,
                  "fail": false,
                  "pending": false,
                  "context": null,
                  "code": "if(test.enable){\n    await wrapper.httpClientWrapper(test.reqestInfo, test.expect.status_code, test.expect.body);\n    }\nelse{\n    this.skip()   //skip a test case\n    }",
                  "err": {},
                  "uuid": "446c2047-8506-4691-a915-f0b2085400d1",
                  "parentUUID": "dd3ea8b2-8db4-43c6-a23e-cbbcfdae6ca9",
                  "isHook": false,
                  "skipped": false
                },
                {
                  "title": "Test scenario: Expect Success : LOCAL + AU + AccountName10(special character) + AccountNo7(special character) + bsb(special character)",
                  "fullTitle": "Mocha Test Test start Test scenario: Expect Success : LOCAL + AU + AccountName10(special character) + AccountNo7(special character) + bsb(special character)",
                  "timedOut": false,
                  "duration": 2614,
                  "state": "passed",
                  "speed": "slow",
                  "pass": true,
                  "fail": false,
                  "pending": false,
                  "context": null,
                  "code": "if(test.enable){\n    await wrapper.httpClientWrapper(test.reqestInfo, test.expect.status_code, test.expect.body);\n    }\nelse{\n    this.skip()   //skip a test case\n    }",
                  "err": {},
                  "uuid": "ec881a44-f918-40ff-86cc-e2b9d05603d0",
                  "parentUUID": "dd3ea8b2-8db4-43c6-a23e-cbbcfdae6ca9",
                  "isHook": false,
                  "skipped": false
                },
                {
                  "title": "Test scenario: Expect Success : SWIFT + AU + AccountName2 + AccountNo9 + swift code8 + bsb",
                  "fullTitle": "Mocha Test Test start Test scenario: Expect Success : SWIFT + AU + AccountName2 + AccountNo9 + swift code8 + bsb",
                  "timedOut": false,
                  "duration": 1025,
                  "state": "passed",
                  "speed": "slow",
                  "pass": true,
                  "fail": false,
                  "pending": false,
                  "context": null,
                  "code": "if(test.enable){\n    await wrapper.httpClientWrapper(test.reqestInfo, test.expect.status_code, test.expect.body);\n    }\nelse{\n    this.skip()   //skip a test case\n    }",
                  "err": {},
                  "uuid": "785e3086-fa55-4258-aced-877e55b82f86",
                  "parentUUID": "dd3ea8b2-8db4-43c6-a23e-cbbcfdae6ca9",
                  "isHook": false,
                  "skipped": false
                },
                {
                  "title": "Test scenario: Expect Success : SWIFT + AU + AccountName10 + AccountNo7 + swift code11(special character)  + bsb(special character)",
                  "fullTitle": "Mocha Test Test start Test scenario: Expect Success : SWIFT + AU + AccountName10 + AccountNo7 + swift code11(special character)  + bsb(special character)",
                  "timedOut": false,
                  "duration": 926,
                  "state": "passed",
                  "speed": "slow",
                  "pass": true,
                  "fail": false,
                  "pending": false,
                  "context": null,
                  "code": "if(test.enable){\n    await wrapper.httpClientWrapper(test.reqestInfo, test.expect.status_code, test.expect.body);\n    }\nelse{\n    this.skip()   //skip a test case\n    }",
                  "err": {},
                  "uuid": "bc383b8e-f6f0-4cd8-bbba-a193276acd05",
                  "parentUUID": "dd3ea8b2-8db4-43c6-a23e-cbbcfdae6ca9",
                  "isHook": false,
                  "skipped": false
                },
                {
                  "title": "Test scenario: Expect Success : SWIFT + AU + AccountName5(special character) + AccountNo6(special character) + swift code8 + bsb",
                  "fullTitle": "Mocha Test Test start Test scenario: Expect Success : SWIFT + AU + AccountName5(special character) + AccountNo6(special character) + swift code8 + bsb",
                  "timedOut": false,
                  "duration": 1464,
                  "state": "passed",
                  "speed": "slow",
                  "pass": true,
                  "fail": false,
                  "pending": false,
                  "context": null,
                  "code": "if(test.enable){\n    await wrapper.httpClientWrapper(test.reqestInfo, test.expect.status_code, test.expect.body);\n    }\nelse{\n    this.skip()   //skip a test case\n    }",
                  "err": {},
                  "uuid": "938bc749-51fc-4693-ba5c-0a2f620d0721",
                  "parentUUID": "dd3ea8b2-8db4-43c6-a23e-cbbcfdae6ca9",
                  "isHook": false,
                  "skipped": false
                },
                {
                  "title": "Test scenario: Expect Success : LOCAL + CN + AccountName2 + AccountNo8",
                  "fullTitle": "Mocha Test Test start Test scenario: Expect Success : LOCAL + CN + AccountName2 + AccountNo8",
                  "timedOut": false,
                  "duration": 922,
                  "state": "passed",
                  "speed": "slow",
                  "pass": true,
                  "fail": false,
                  "pending": false,
                  "context": null,
                  "code": "if(test.enable){\n    await wrapper.httpClientWrapper(test.reqestInfo, test.expect.status_code, test.expect.body);\n    }\nelse{\n    this.skip()   //skip a test case\n    }",
                  "err": {},
                  "uuid": "c5f8240f-e0c2-4fb4-98f6-b3347fec4734",
                  "parentUUID": "dd3ea8b2-8db4-43c6-a23e-cbbcfdae6ca9",
                  "isHook": false,
                  "skipped": false
                },
                {
                  "title": "Test scenario: Expect Success : LOCAL + CN + AccountName10 + AccountNo10  +  wrong swift code(check ignore)",
                  "fullTitle": "Mocha Test Test start Test scenario: Expect Success : LOCAL + CN + AccountName10 + AccountNo10  +  wrong swift code(check ignore)",
                  "timedOut": false,
                  "duration": 916,
                  "state": "failed",
                  "speed": null,
                  "pass": false,
                  "fail": true,
                  "pending": false,
                  "context": null,
                  "code": "if(test.enable){\n    await wrapper.httpClientWrapper(test.reqestInfo, test.expect.status_code, test.expect.body);\n    }\nelse{\n    this.skip()   //skip a test case\n    }",
                  "err": {
                    "message": "AssertionError: expected '{\"success\":\"Bank details saved\"}' to deeply equal '{\"error\":\"Length of account_number should be between 7 and 11 when bank_country_code is \\'US\\'\"}'",
                    "estack": "AssertionError: expected '{\"success\":\"Bank details saved\"}' to deeply equal '{\"error\":\"Length of account_number should be between 7 and 11 when bank_country_code is \\'US\\'\"}'\n    at /Users/zhangmingyu/airWallexApiTest/httpclient/httpclientwrapper.js:13:48\n    at processTicksAndRejections (internal/process/task_queues.js:93:5)\n    at async Context.<anonymous> (main.test.js:16:21)",
                    "diff": "- {\"success\":\"Bank details saved\"}\n+ {\"error\":\"Length of account_number should be between 7 and 11 when bank_country_code is 'US'\"}\n"
                  },
                  "uuid": "3d489340-6562-4323-add6-79a351fad2be",
                  "parentUUID": "dd3ea8b2-8db4-43c6-a23e-cbbcfdae6ca9",
                  "isHook": false,
                  "skipped": false
                },
                {
                  "title": "Test scenario: Expect Success : LOCAL + CN + AccountName5(special character) + AccountNo20(special character) + aba(check ignore)",
                  "fullTitle": "Mocha Test Test start Test scenario: Expect Success : LOCAL + CN + AccountName5(special character) + AccountNo20(special character) + aba(check ignore)",
                  "timedOut": false,
                  "duration": 930,
                  "state": "failed",
                  "speed": null,
                  "pass": false,
                  "fail": true,
                  "pending": false,
                  "context": null,
                  "code": "if(test.enable){\n    await wrapper.httpClientWrapper(test.reqestInfo, test.expect.status_code, test.expect.body);\n    }\nelse{\n    this.skip()   //skip a test case\n    }",
                  "err": {
                    "message": "AssertionError: expected '{\"success\":\"Bank details saved\"}' to deeply equal '{\"error\":\"Length of account_number should be between 7 and 11 when bank_country_code is \\'US\\'\"}'",
                    "estack": "AssertionError: expected '{\"success\":\"Bank details saved\"}' to deeply equal '{\"error\":\"Length of account_number should be between 7 and 11 when bank_country_code is \\'US\\'\"}'\n    at /Users/zhangmingyu/airWallexApiTest/httpclient/httpclientwrapper.js:13:48\n    at processTicksAndRejections (internal/process/task_queues.js:93:5)\n    at async Context.<anonymous> (main.test.js:16:21)",
                    "diff": "- {\"success\":\"Bank details saved\"}\n+ {\"error\":\"Length of account_number should be between 7 and 11 when bank_country_code is 'US'\"}\n"
                  },
                  "uuid": "f8855f3d-56d7-45b0-8a4e-29ea3f181c38",
                  "parentUUID": "dd3ea8b2-8db4-43c6-a23e-cbbcfdae6ca9",
                  "isHook": false,
                  "skipped": false
                },
                {
                  "title": "Test scenario: Expect Success : SWIFT + CN + AccountName2 + AccountNo8  +  swift code8",
                  "fullTitle": "Mocha Test Test start Test scenario: Expect Success : SWIFT + CN + AccountName2 + AccountNo8  +  swift code8",
                  "timedOut": false,
                  "duration": 910,
                  "state": "passed",
                  "speed": "slow",
                  "pass": true,
                  "fail": false,
                  "pending": false,
                  "context": null,
                  "code": "if(test.enable){\n    await wrapper.httpClientWrapper(test.reqestInfo, test.expect.status_code, test.expect.body);\n    }\nelse{\n    this.skip()   //skip a test case\n    }",
                  "err": {},
                  "uuid": "d1357bbd-701b-47fb-bdd4-a3c0f85ecce3",
                  "parentUUID": "dd3ea8b2-8db4-43c6-a23e-cbbcfdae6ca9",
                  "isHook": false,
                  "skipped": false
                },
                {
                  "title": "Test scenario: Expect Success : SWIFT + CN + AccountName10 + AccountNo11  +  swift code11(special character)",
                  "fullTitle": "Mocha Test Test start Test scenario: Expect Success : SWIFT + CN + AccountName10 + AccountNo11  +  swift code11(special character)",
                  "timedOut": false,
                  "duration": 1914,
                  "state": "failed",
                  "speed": null,
                  "pass": false,
                  "fail": true,
                  "pending": false,
                  "context": null,
                  "code": "if(test.enable){\n    await wrapper.httpClientWrapper(test.reqestInfo, test.expect.status_code, test.expect.body);\n    }\nelse{\n    this.skip()   //skip a test case\n    }",
                  "err": {
                    "message": "AssertionError: expected '{\"success\":\"Bank details saved\"}' to deeply equal '{\"error\":\"Length of account_number should be between 7 and 11 when bank_country_code is \\'US\\'\"}'",
                    "estack": "AssertionError: expected '{\"success\":\"Bank details saved\"}' to deeply equal '{\"error\":\"Length of account_number should be between 7 and 11 when bank_country_code is \\'US\\'\"}'\n    at /Users/zhangmingyu/airWallexApiTest/httpclient/httpclientwrapper.js:13:48\n    at processTicksAndRejections (internal/process/task_queues.js:93:5)\n    at async Context.<anonymous> (main.test.js:16:21)",
                    "diff": "- {\"success\":\"Bank details saved\"}\n+ {\"error\":\"Length of account_number should be between 7 and 11 when bank_country_code is 'US'\"}\n"
                  },
                  "uuid": "7fa61a77-75ce-4e8f-a663-5fe031a952b4",
                  "parentUUID": "dd3ea8b2-8db4-43c6-a23e-cbbcfdae6ca9",
                  "isHook": false,
                  "skipped": false
                },
                {
                  "title": "Test scenario: Expect Success : SWIFT + CN + AccountName5(special character) + AccountNo20(special character) + bsb(check ignore)+  swift code8",
                  "fullTitle": "Mocha Test Test start Test scenario: Expect Success : SWIFT + CN + AccountName5(special character) + AccountNo20(special character) + bsb(check ignore)+  swift code8",
                  "timedOut": false,
                  "duration": 1439,
                  "state": "failed",
                  "speed": null,
                  "pass": false,
                  "fail": true,
                  "pending": false,
                  "context": null,
                  "code": "if(test.enable){\n    await wrapper.httpClientWrapper(test.reqestInfo, test.expect.status_code, test.expect.body);\n    }\nelse{\n    this.skip()   //skip a test case\n    }",
                  "err": {
                    "message": "AssertionError: expected '{\"success\":\"Bank details saved\"}' to deeply equal '{\"error\":\"Length of account_number should be between 7 and 11 when bank_country_code is \\'US\\'\"}'",
                    "estack": "AssertionError: expected '{\"success\":\"Bank details saved\"}' to deeply equal '{\"error\":\"Length of account_number should be between 7 and 11 when bank_country_code is \\'US\\'\"}'\n    at /Users/zhangmingyu/airWallexApiTest/httpclient/httpclientwrapper.js:13:48\n    at processTicksAndRejections (internal/process/task_queues.js:93:5)\n    at async Context.<anonymous> (main.test.js:16:21)",
                    "diff": "- {\"success\":\"Bank details saved\"}\n+ {\"error\":\"Length of account_number should be between 7 and 11 when bank_country_code is 'US'\"}\n"
                  },
                  "uuid": "3387b56d-4008-4cab-a115-c16c375b3dd3",
                  "parentUUID": "dd3ea8b2-8db4-43c6-a23e-cbbcfdae6ca9",
                  "isHook": false,
                  "skipped": false
                },
                {
                  "title": "Test scenario: Expect Fail: payment_method is empty ,  US + AccountName2 + AccountNo1+ swift code8  + aba",
                  "fullTitle": "Mocha Test Test start Test scenario: Expect Fail: payment_method is empty ,  US + AccountName2 + AccountNo1+ swift code8  + aba",
                  "timedOut": false,
                  "duration": 1983,
                  "state": "passed",
                  "speed": "slow",
                  "pass": true,
                  "fail": false,
                  "pending": false,
                  "context": null,
                  "code": "if(test.enable){\n    await wrapper.httpClientWrapper(test.reqestInfo, test.expect.status_code, test.expect.body);\n    }\nelse{\n    this.skip()   //skip a test case\n    }",
                  "err": {},
                  "uuid": "78b6427c-435c-4e0d-8e65-9d9fbf825eb5",
                  "parentUUID": "dd3ea8b2-8db4-43c6-a23e-cbbcfdae6ca9",
                  "isHook": false,
                  "skipped": false
                },
                {
                  "title": "Test scenario: Expect Fail: missing payment_method,  US + AccountName2 + AccountNo1+ swift code8  + aba",
                  "fullTitle": "Mocha Test Test start Test scenario: Expect Fail: missing payment_method,  US + AccountName2 + AccountNo1+ swift code8  + aba",
                  "timedOut": false,
                  "duration": 921,
                  "state": "passed",
                  "speed": "slow",
                  "pass": true,
                  "fail": false,
                  "pending": false,
                  "context": null,
                  "code": "if(test.enable){\n    await wrapper.httpClientWrapper(test.reqestInfo, test.expect.status_code, test.expect.body);\n    }\nelse{\n    this.skip()   //skip a test case\n    }",
                  "err": {},
                  "uuid": "341771cd-4cff-4073-bbc5-6f32f84dd00f",
                  "parentUUID": "dd3ea8b2-8db4-43c6-a23e-cbbcfdae6ca9",
                  "isHook": false,
                  "skipped": false
                },
                {
                  "title": "Test scenario: Expect Fail: bank_country_code is empty, LOCAL  + AccountName2 + AccountNo1 + aba",
                  "fullTitle": "Mocha Test Test start Test scenario: Expect Fail: bank_country_code is empty, LOCAL  + AccountName2 + AccountNo1 + aba",
                  "timedOut": false,
                  "duration": 900,
                  "state": "passed",
                  "speed": "slow",
                  "pass": true,
                  "fail": false,
                  "pending": false,
                  "context": null,
                  "code": "if(test.enable){\n    await wrapper.httpClientWrapper(test.reqestInfo, test.expect.status_code, test.expect.body);\n    }\nelse{\n    this.skip()   //skip a test case\n    }",
                  "err": {},
                  "uuid": "5accc387-03a7-4e21-8c09-1f45944d672d",
                  "parentUUID": "dd3ea8b2-8db4-43c6-a23e-cbbcfdae6ca9",
                  "isHook": false,
                  "skipped": false
                },
                {
                  "title": "Test scenario: Expect Fail: missing bank_country_code, LOCAL  + AccountName2 + AccountNo1 + aba",
                  "fullTitle": "Mocha Test Test start Test scenario: Expect Fail: missing bank_country_code, LOCAL  + AccountName2 + AccountNo1 + aba",
                  "timedOut": false,
                  "duration": 918,
                  "state": "passed",
                  "speed": "slow",
                  "pass": true,
                  "fail": false,
                  "pending": false,
                  "context": null,
                  "code": "if(test.enable){\n    await wrapper.httpClientWrapper(test.reqestInfo, test.expect.status_code, test.expect.body);\n    }\nelse{\n    this.skip()   //skip a test case\n    }",
                  "err": {},
                  "uuid": "3bee9be3-c04b-414d-a45f-d84e51848aaa",
                  "parentUUID": "dd3ea8b2-8db4-43c6-a23e-cbbcfdae6ca9",
                  "isHook": false,
                  "skipped": false
                },
                {
                  "title": "Test scenario: Expect Fail: account_name is empty,  LOCAL + US  + AccountNo1  + aba",
                  "fullTitle": "Mocha Test Test start Test scenario: Expect Fail: account_name is empty,  LOCAL + US  + AccountNo1  + aba",
                  "timedOut": false,
                  "duration": 1599,
                  "state": "passed",
                  "speed": "slow",
                  "pass": true,
                  "fail": false,
                  "pending": false,
                  "context": null,
                  "code": "if(test.enable){\n    await wrapper.httpClientWrapper(test.reqestInfo, test.expect.status_code, test.expect.body);\n    }\nelse{\n    this.skip()   //skip a test case\n    }",
                  "err": {},
                  "uuid": "21b83f18-3138-4885-89dd-63b35e1add16",
                  "parentUUID": "dd3ea8b2-8db4-43c6-a23e-cbbcfdae6ca9",
                  "isHook": false,
                  "skipped": false
                },
                {
                  "title": "Test scenario: Expect Fail: missing account_name,  LOCAL + US  + AccountNo1  + aba",
                  "fullTitle": "Mocha Test Test start Test scenario: Expect Fail: missing account_name,  LOCAL + US  + AccountNo1  + aba",
                  "timedOut": false,
                  "duration": 930,
                  "state": "passed",
                  "speed": "slow",
                  "pass": true,
                  "fail": false,
                  "pending": false,
                  "context": null,
                  "code": "if(test.enable){\n    await wrapper.httpClientWrapper(test.reqestInfo, test.expect.status_code, test.expect.body);\n    }\nelse{\n    this.skip()   //skip a test case\n    }",
                  "err": {},
                  "uuid": "56b58ef3-e294-4c6b-8e85-29260538c40c",
                  "parentUUID": "dd3ea8b2-8db4-43c6-a23e-cbbcfdae6ca9",
                  "isHook": false,
                  "skipped": false
                },
                {
                  "title": "Test scenario: Expect Fail: account_number is empty,  LOCAL + US  + AccountName2  + aba",
                  "fullTitle": "Mocha Test Test start Test scenario: Expect Fail: account_number is empty,  LOCAL + US  + AccountName2  + aba",
                  "timedOut": false,
                  "duration": 2500,
                  "state": "passed",
                  "speed": "slow",
                  "pass": true,
                  "fail": false,
                  "pending": false,
                  "context": null,
                  "code": "if(test.enable){\n    await wrapper.httpClientWrapper(test.reqestInfo, test.expect.status_code, test.expect.body);\n    }\nelse{\n    this.skip()   //skip a test case\n    }",
                  "err": {},
                  "uuid": "7476ff00-33ee-4963-9a2f-e7b4d4532420",
                  "parentUUID": "dd3ea8b2-8db4-43c6-a23e-cbbcfdae6ca9",
                  "isHook": false,
                  "skipped": false
                },
                {
                  "title": "Test scenario: Expect Fail: missing account_number,  LOCAL + US  + AccountName2  + aba",
                  "fullTitle": "Mocha Test Test start Test scenario: Expect Fail: missing account_number,  LOCAL + US  + AccountName2  + aba",
                  "timedOut": false,
                  "duration": 1008,
                  "state": "passed",
                  "speed": "slow",
                  "pass": true,
                  "fail": false,
                  "pending": false,
                  "context": null,
                  "code": "if(test.enable){\n    await wrapper.httpClientWrapper(test.reqestInfo, test.expect.status_code, test.expect.body);\n    }\nelse{\n    this.skip()   //skip a test case\n    }",
                  "err": {},
                  "uuid": "553f6599-2bb8-4866-9e42-bdf949bdaacd",
                  "parentUUID": "dd3ea8b2-8db4-43c6-a23e-cbbcfdae6ca9",
                  "isHook": false,
                  "skipped": false
                },
                {
                  "title": "Test scenario: Expect Fail: missing swift_code,  SWIFT + US  + AccountName2+ AccountNo1  + aba",
                  "fullTitle": "Mocha Test Test start Test scenario: Expect Fail: missing swift_code,  SWIFT + US  + AccountName2+ AccountNo1  + aba",
                  "timedOut": false,
                  "duration": 995,
                  "state": "passed",
                  "speed": "slow",
                  "pass": true,
                  "fail": false,
                  "pending": false,
                  "context": null,
                  "code": "if(test.enable){\n    await wrapper.httpClientWrapper(test.reqestInfo, test.expect.status_code, test.expect.body);\n    }\nelse{\n    this.skip()   //skip a test case\n    }",
                  "err": {},
                  "uuid": "e6b0a676-10d0-4b35-a82f-5dc7f7b6ea7e",
                  "parentUUID": "dd3ea8b2-8db4-43c6-a23e-cbbcfdae6ca9",
                  "isHook": false,
                  "skipped": false
                },
                {
                  "title": "Test scenario: Expect Fail: swift_code is empty,  SWIFT + US  + AccountName2+ AccountNo1  + aba",
                  "fullTitle": "Mocha Test Test start Test scenario: Expect Fail: swift_code is empty,  SWIFT + US  + AccountName2+ AccountNo1  + aba",
                  "timedOut": false,
                  "duration": 967,
                  "state": "passed",
                  "speed": "slow",
                  "pass": true,
                  "fail": false,
                  "pending": false,
                  "context": null,
                  "code": "if(test.enable){\n    await wrapper.httpClientWrapper(test.reqestInfo, test.expect.status_code, test.expect.body);\n    }\nelse{\n    this.skip()   //skip a test case\n    }",
                  "err": {},
                  "uuid": "61e4e75e-dc43-4d3a-9b11-72781b9f5e13",
                  "parentUUID": "dd3ea8b2-8db4-43c6-a23e-cbbcfdae6ca9",
                  "isHook": false,
                  "skipped": false
                },
                {
                  "title": "Test scenario: Expect Fail: aba is empty,  SWIFT + US  + AccountName2+ AccountNo1  + swift code8",
                  "fullTitle": "Mocha Test Test start Test scenario: Expect Fail: aba is empty,  SWIFT + US  + AccountName2+ AccountNo1  + swift code8",
                  "timedOut": false,
                  "duration": 875,
                  "state": "failed",
                  "speed": null,
                  "pass": false,
                  "fail": true,
                  "pending": false,
                  "context": null,
                  "code": "if(test.enable){\n    await wrapper.httpClientWrapper(test.reqestInfo, test.expect.status_code, test.expect.body);\n    }\nelse{\n    this.skip()   //skip a test case\n    }",
                  "err": {
                    "message": "AssertionError: expected '{\"error\":\"\\'aba\\' is required when bank country code is \\'US\\'\"}' to deeply equal '{\"success\":\"Bank details saved\"}'",
                    "estack": "AssertionError: expected '{\"error\":\"\\'aba\\' is required when bank country code is \\'US\\'\"}' to deeply equal '{\"success\":\"Bank details saved\"}'\n    at /Users/zhangmingyu/airWallexApiTest/httpclient/httpclientwrapper.js:8:45\n    at processTicksAndRejections (internal/process/task_queues.js:93:5)\n    at async Context.<anonymous> (main.test.js:16:21)",
                    "diff": "- {\"error\":\"'aba' is required when bank country code is 'US'\"}\n+ {\"success\":\"Bank details saved\"}\n"
                  },
                  "uuid": "c0cccaee-23ed-4383-9d22-b7c3f7d9fa89",
                  "parentUUID": "dd3ea8b2-8db4-43c6-a23e-cbbcfdae6ca9",
                  "isHook": false,
                  "skipped": false
                },
                {
                  "title": "Test scenario: Expect Fail: missing aba,  SWIFT + US  + AccountName2+ AccountNo1  + swift code8",
                  "fullTitle": "Mocha Test Test start Test scenario: Expect Fail: missing aba,  SWIFT + US  + AccountName2+ AccountNo1  + swift code8",
                  "timedOut": false,
                  "duration": 989,
                  "state": "failed",
                  "speed": null,
                  "pass": false,
                  "fail": true,
                  "pending": false,
                  "context": null,
                  "code": "if(test.enable){\n    await wrapper.httpClientWrapper(test.reqestInfo, test.expect.status_code, test.expect.body);\n    }\nelse{\n    this.skip()   //skip a test case\n    }",
                  "err": {
                    "message": "AssertionError: expected '{\"error\":\"\\'aba\\' is required when bank country code is \\'US\\'\"}' to deeply equal '{\"success\":\"Bank details saved\"}'",
                    "estack": "AssertionError: expected '{\"error\":\"\\'aba\\' is required when bank country code is \\'US\\'\"}' to deeply equal '{\"success\":\"Bank details saved\"}'\n    at /Users/zhangmingyu/airWallexApiTest/httpclient/httpclientwrapper.js:8:45\n    at processTicksAndRejections (internal/process/task_queues.js:93:5)\n    at async Context.<anonymous> (main.test.js:16:21)",
                    "diff": "- {\"error\":\"'aba' is required when bank country code is 'US'\"}\n+ {\"success\":\"Bank details saved\"}\n"
                  },
                  "uuid": "29344997-a054-4681-9430-638f9c574e8d",
                  "parentUUID": "dd3ea8b2-8db4-43c6-a23e-cbbcfdae6ca9",
                  "isHook": false,
                  "skipped": false
                },
                {
                  "title": "Test scenario: Expect Fail: bsb is empty,  SWIFT + AU  + AccountName2+ AccountNo6  + swift code8",
                  "fullTitle": "Mocha Test Test start Test scenario: Expect Fail: bsb is empty,  SWIFT + AU  + AccountName2+ AccountNo6  + swift code8",
                  "timedOut": false,
                  "duration": 953,
                  "state": "passed",
                  "speed": "slow",
                  "pass": true,
                  "fail": false,
                  "pending": false,
                  "context": null,
                  "code": "if(test.enable){\n    await wrapper.httpClientWrapper(test.reqestInfo, test.expect.status_code, test.expect.body);\n    }\nelse{\n    this.skip()   //skip a test case\n    }",
                  "err": {},
                  "uuid": "dfce6703-a86e-4a0b-8008-3acf905eabd9",
                  "parentUUID": "dd3ea8b2-8db4-43c6-a23e-cbbcfdae6ca9",
                  "isHook": false,
                  "skipped": false
                },
                {
                  "title": "Test scenario: Expect Fail: missing bsb,  SWIFT + AU  + AccountName2+ AccountNo6  + swift code8",
                  "fullTitle": "Mocha Test Test start Test scenario: Expect Fail: missing bsb,  SWIFT + AU  + AccountName2+ AccountNo6  + swift code8",
                  "timedOut": false,
                  "duration": 1987,
                  "state": "passed",
                  "speed": "slow",
                  "pass": true,
                  "fail": false,
                  "pending": false,
                  "context": null,
                  "code": "if(test.enable){\n    await wrapper.httpClientWrapper(test.reqestInfo, test.expect.status_code, test.expect.body);\n    }\nelse{\n    this.skip()   //skip a test case\n    }",
                  "err": {},
                  "uuid": "75c1bb6a-9cc5-442f-a9a9-df8986eeb77b",
                  "parentUUID": "dd3ea8b2-8db4-43c6-a23e-cbbcfdae6ca9",
                  "isHook": false,
                  "skipped": false
                },
                {
                  "title": "Test scenario: Expect Fail: invalid payment_method, SWIFT1 + US + AccountName2 + AccountNo1 + swift code8 + aba",
                  "fullTitle": "Mocha Test Test start Test scenario: Expect Fail: invalid payment_method, SWIFT1 + US + AccountName2 + AccountNo1 + swift code8 + aba",
                  "timedOut": false,
                  "duration": 885,
                  "state": "passed",
                  "speed": "slow",
                  "pass": true,
                  "fail": false,
                  "pending": false,
                  "context": null,
                  "code": "if(test.enable){\n    await wrapper.httpClientWrapper(test.reqestInfo, test.expect.status_code, test.expect.body);\n    }\nelse{\n    this.skip()   //skip a test case\n    }",
                  "err": {},
                  "uuid": "31eda708-529f-4f85-8f70-e021d305e69a",
                  "parentUUID": "dd3ea8b2-8db4-43c6-a23e-cbbcfdae6ca9",
                  "isHook": false,
                  "skipped": false
                },
                {
                  "title": "Test scenario: Expect Fail: invalid bank_country_code,  SWIFT + AU@ + AccountName2 + AccountNo1 + swift code8 + aba",
                  "fullTitle": "Mocha Test Test start Test scenario: Expect Fail: invalid bank_country_code,  SWIFT + AU@ + AccountName2 + AccountNo1 + swift code8 + aba",
                  "timedOut": false,
                  "duration": 1014,
                  "state": "passed",
                  "speed": "slow",
                  "pass": true,
                  "fail": false,
                  "pending": false,
                  "context": null,
                  "code": "if(test.enable){\n    await wrapper.httpClientWrapper(test.reqestInfo, test.expect.status_code, test.expect.body);\n    }\nelse{\n    this.skip()   //skip a test case\n    }",
                  "err": {},
                  "uuid": "cf066500-681a-4339-b243-f3f2f3ed79b5",
                  "parentUUID": "dd3ea8b2-8db4-43c6-a23e-cbbcfdae6ca9",
                  "isHook": false,
                  "skipped": false
                },
                {
                  "title": "Test scenario: Expect Fail: Invalid account_name, LOCAL + US + AccountName1 + AccountNo1 + aba",
                  "fullTitle": "Mocha Test Test start Test scenario: Expect Fail: Invalid account_name, LOCAL + US + AccountName1 + AccountNo1 + aba",
                  "timedOut": false,
                  "duration": 881,
                  "state": "passed",
                  "speed": "slow",
                  "pass": true,
                  "fail": false,
                  "pending": false,
                  "context": null,
                  "code": "if(test.enable){\n    await wrapper.httpClientWrapper(test.reqestInfo, test.expect.status_code, test.expect.body);\n    }\nelse{\n    this.skip()   //skip a test case\n    }",
                  "err": {},
                  "uuid": "2080443a-43fc-40b6-8350-7592e0a91c5b",
                  "parentUUID": "dd3ea8b2-8db4-43c6-a23e-cbbcfdae6ca9",
                  "isHook": false,
                  "skipped": false
                },
                {
                  "title": "Test scenario: Expect Fail: Invalid account_name, LOCAL + US + AccountName11 + AccountNo1 + aba",
                  "fullTitle": "Mocha Test Test start Test scenario: Expect Fail: Invalid account_name, LOCAL + US + AccountName11 + AccountNo1 + aba",
                  "timedOut": false,
                  "duration": 1677,
                  "state": "passed",
                  "speed": "slow",
                  "pass": true,
                  "fail": false,
                  "pending": false,
                  "context": null,
                  "code": "if(test.enable){\n    await wrapper.httpClientWrapper(test.reqestInfo, test.expect.status_code, test.expect.body);\n    }\nelse{\n    this.skip()   //skip a test case\n    }",
                  "err": {},
                  "uuid": "0e43ccf3-1b0e-464d-89e0-3916615d3c76",
                  "parentUUID": "dd3ea8b2-8db4-43c6-a23e-cbbcfdae6ca9",
                  "isHook": false,
                  "skipped": false
                },
                {
                  "title": "Test scenario: Expect Fail: invalid account_number,  LOCAL + US  + AccountName2  + AccountNo18 + aba",
                  "fullTitle": "Mocha Test Test start Test scenario: Expect Fail: invalid account_number,  LOCAL + US  + AccountName2  + AccountNo18 + aba",
                  "timedOut": false,
                  "duration": 1023,
                  "state": "failed",
                  "speed": null,
                  "pass": false,
                  "fail": true,
                  "pending": false,
                  "context": null,
                  "code": "if(test.enable){\n    await wrapper.httpClientWrapper(test.reqestInfo, test.expect.status_code, test.expect.body);\n    }\nelse{\n    this.skip()   //skip a test case\n    }",
                  "err": {
                    "message": "AssertionError: expected '{\"error\":\"Length of account_number should be between 1 and 17 when bank_country_code is \\'US\\'\"}' to deeply equal '{\"error\":\"Length of account_number should be between 7 and 11 when bank_country_code is \\'US\\'\"}'",
                    "estack": "AssertionError: expected '{\"error\":\"Length of account_number should be between 1 and 17 when bank_country_code is \\'US\\'\"}' to deeply equal '{\"error\":\"Length of account_number should be between 7 and 11 when bank_country_code is \\'US\\'\"}'\n    at /Users/zhangmingyu/airWallexApiTest/httpclient/httpclientwrapper.js:13:48\n    at processTicksAndRejections (internal/process/task_queues.js:93:5)\n    at async Context.<anonymous> (main.test.js:16:21)",
                    "diff": "- {\"error\":\"Length of account_number should be between 1 and 17 when bank_country_code is 'US'\"}\n+ {\"error\":\"Length of account_number should be between 7 and 11 when bank_country_code is 'US'\"}\n"
                  },
                  "uuid": "91bf63c2-e592-4a4e-b6e7-233b9a0aa006",
                  "parentUUID": "dd3ea8b2-8db4-43c6-a23e-cbbcfdae6ca9",
                  "isHook": false,
                  "skipped": false
                },
                {
                  "title": "Test scenario: Expect Fail: invalid account_number,  LOCAL + AU  + AccountName2  + AccountNo5 + bsb",
                  "fullTitle": "Mocha Test Test start Test scenario: Expect Fail: invalid account_number,  LOCAL + AU  + AccountName2  + AccountNo5 + bsb",
                  "timedOut": false,
                  "duration": 1982,
                  "state": "failed",
                  "speed": null,
                  "pass": false,
                  "fail": true,
                  "pending": false,
                  "context": null,
                  "code": "if(test.enable){\n    await wrapper.httpClientWrapper(test.reqestInfo, test.expect.status_code, test.expect.body);\n    }\nelse{\n    this.skip()   //skip a test case\n    }",
                  "err": {
                    "message": "AssertionError: expected '{\"error\":\"Length of account_number should be between 6 and 9 when bank_country_code is \\'AU\\'\"}' to deeply equal '{\"error\":\"Length of account_number should be between 7 and 11 when bank_country_code is \\'US\\'\"}'",
                    "estack": "AssertionError: expected '{\"error\":\"Length of account_number should be between 6 and 9 when bank_country_code is \\'AU\\'\"}' to deeply equal '{\"error\":\"Length of account_number should be between 7 and 11 when bank_country_code is \\'US\\'\"}'\n    at /Users/zhangmingyu/airWallexApiTest/httpclient/httpclientwrapper.js:13:48\n    at processTicksAndRejections (internal/process/task_queues.js:93:5)\n    at async Context.<anonymous> (main.test.js:16:21)",
                    "diff": "- {\"error\":\"Length of account_number should be between 6 and 9 when bank_country_code is 'AU'\"}\n+ {\"error\":\"Length of account_number should be between 7 and 11 when bank_country_code is 'US'\"}\n"
                  },
                  "uuid": "f0302ed5-c5e5-4712-a258-abd3d12a6c9e",
                  "parentUUID": "dd3ea8b2-8db4-43c6-a23e-cbbcfdae6ca9",
                  "isHook": false,
                  "skipped": false
                },
                {
                  "title": "Test scenario: Expect Fail: invalid account_number,  LOCAL + AU  + AccountName2  + AccountNo10 + bsb",
                  "fullTitle": "Mocha Test Test start Test scenario: Expect Fail: invalid account_number,  LOCAL + AU  + AccountName2  + AccountNo10 + bsb",
                  "timedOut": false,
                  "duration": 915,
                  "state": "failed",
                  "speed": null,
                  "pass": false,
                  "fail": true,
                  "pending": false,
                  "context": null,
                  "code": "if(test.enable){\n    await wrapper.httpClientWrapper(test.reqestInfo, test.expect.status_code, test.expect.body);\n    }\nelse{\n    this.skip()   //skip a test case\n    }",
                  "err": {
                    "message": "AssertionError: expected '{\"error\":\"Length of account_number should be between 6 and 9 when bank_country_code is \\'AU\\'\"}' to deeply equal '{\"error\":\"Length of account_number should be between 7 and 11 when bank_country_code is \\'US\\'\"}'",
                    "estack": "AssertionError: expected '{\"error\":\"Length of account_number should be between 6 and 9 when bank_country_code is \\'AU\\'\"}' to deeply equal '{\"error\":\"Length of account_number should be between 7 and 11 when bank_country_code is \\'US\\'\"}'\n    at /Users/zhangmingyu/airWallexApiTest/httpclient/httpclientwrapper.js:13:48\n    at processTicksAndRejections (internal/process/task_queues.js:93:5)\n    at async Context.<anonymous> (main.test.js:16:21)",
                    "diff": "- {\"error\":\"Length of account_number should be between 6 and 9 when bank_country_code is 'AU'\"}\n+ {\"error\":\"Length of account_number should be between 7 and 11 when bank_country_code is 'US'\"}\n"
                  },
                  "uuid": "cc5ad98e-96e5-4e59-b1cf-c689a7ccddd0",
                  "parentUUID": "dd3ea8b2-8db4-43c6-a23e-cbbcfdae6ca9",
                  "isHook": false,
                  "skipped": false
                },
                {
                  "title": "Test scenario: Expect Fail: invalid account_number,  LOCAL + CN  + AccountName2  + AccountNo7",
                  "fullTitle": "Mocha Test Test start Test scenario: Expect Fail: invalid account_number,  LOCAL + CN  + AccountName2  + AccountNo7",
                  "timedOut": false,
                  "duration": 1447,
                  "state": "failed",
                  "speed": null,
                  "pass": false,
                  "fail": true,
                  "pending": false,
                  "context": null,
                  "code": "if(test.enable){\n    await wrapper.httpClientWrapper(test.reqestInfo, test.expect.status_code, test.expect.body);\n    }\nelse{\n    this.skip()   //skip a test case\n    }",
                  "err": {
                    "message": "AssertionError: expected '{\"error\":\"Length of account_number should be between 8 and 20 when bank_country_code is \\'CN\\'\"}' to deeply equal '{\"success\":\"Bank details saved\"}'",
                    "estack": "AssertionError: expected '{\"error\":\"Length of account_number should be between 8 and 20 when bank_country_code is \\'CN\\'\"}' to deeply equal '{\"success\":\"Bank details saved\"}'\n    at /Users/zhangmingyu/airWallexApiTest/httpclient/httpclientwrapper.js:8:45\n    at processTicksAndRejections (internal/process/task_queues.js:93:5)\n    at async Context.<anonymous> (main.test.js:16:21)",
                    "diff": "- {\"error\":\"Length of account_number should be between 8 and 20 when bank_country_code is 'CN'\"}\n+ {\"success\":\"Bank details saved\"}\n"
                  },
                  "uuid": "936c11ab-c179-4245-928e-f4361f8096d8",
                  "parentUUID": "dd3ea8b2-8db4-43c6-a23e-cbbcfdae6ca9",
                  "isHook": false,
                  "skipped": false
                },
                {
                  "title": "Test scenario: Expect Fail: invalid account_number,  LOCAL + CN  + AccountName2  + AccountNo21",
                  "fullTitle": "Mocha Test Test start Test scenario: Expect Fail: invalid account_number,  LOCAL + CN  + AccountName2  + AccountNo21",
                  "timedOut": false,
                  "duration": 2574,
                  "state": "failed",
                  "speed": null,
                  "pass": false,
                  "fail": true,
                  "pending": false,
                  "context": null,
                  "code": "if(test.enable){\n    await wrapper.httpClientWrapper(test.reqestInfo, test.expect.status_code, test.expect.body);\n    }\nelse{\n    this.skip()   //skip a test case\n    }",
                  "err": {
                    "message": "AssertionError: expected '{\"error\":\"Length of account_number should be between 8 and 20 when bank_country_code is \\'CN\\'\"}' to deeply equal '{\"error\":\"Length of account_number should be between 7 and 11 when bank_country_code is \\'US\\'\"}'",
                    "estack": "AssertionError: expected '{\"error\":\"Length of account_number should be between 8 and 20 when bank_country_code is \\'CN\\'\"}' to deeply equal '{\"error\":\"Length of account_number should be between 7 and 11 when bank_country_code is \\'US\\'\"}'\n    at /Users/zhangmingyu/airWallexApiTest/httpclient/httpclientwrapper.js:13:48\n    at processTicksAndRejections (internal/process/task_queues.js:93:5)\n    at async Context.<anonymous> (main.test.js:16:21)",
                    "diff": "- {\"error\":\"Length of account_number should be between 8 and 20 when bank_country_code is 'CN'\"}\n+ {\"error\":\"Length of account_number should be between 7 and 11 when bank_country_code is 'US'\"}\n"
                  },
                  "uuid": "d7203ec3-4735-4ef7-8d13-abc9d673d65d",
                  "parentUUID": "dd3ea8b2-8db4-43c6-a23e-cbbcfdae6ca9",
                  "isHook": false,
                  "skipped": false
                },
                {
                  "title": "Test scenario: Expect Fail: invalid swift_code,  SWIFT + US  + AccountName2+ AccountNo1  + swift_code(7) + aba",
                  "fullTitle": "Mocha Test Test start Test scenario: Expect Fail: invalid swift_code,  SWIFT + US  + AccountName2+ AccountNo1  + swift_code(7) + aba",
                  "timedOut": false,
                  "duration": 4941,
                  "state": "passed",
                  "speed": "slow",
                  "pass": true,
                  "fail": false,
                  "pending": false,
                  "context": null,
                  "code": "if(test.enable){\n    await wrapper.httpClientWrapper(test.reqestInfo, test.expect.status_code, test.expect.body);\n    }\nelse{\n    this.skip()   //skip a test case\n    }",
                  "err": {},
                  "uuid": "a63fb82f-457a-4618-b72e-79fa343d1782",
                  "parentUUID": "dd3ea8b2-8db4-43c6-a23e-cbbcfdae6ca9",
                  "isHook": false,
                  "skipped": false
                },
                {
                  "title": "Test scenario: Expect Fail: invalid swift_code,  SWIFT + US  + AccountName2+ AccountNo1  + swift_code(9) + aba",
                  "fullTitle": "Mocha Test Test start Test scenario: Expect Fail: invalid swift_code,  SWIFT + US  + AccountName2+ AccountNo1  + swift_code(9) + aba",
                  "timedOut": false,
                  "duration": 3288,
                  "state": "failed",
                  "speed": null,
                  "pass": false,
                  "fail": true,
                  "pending": false,
                  "context": null,
                  "code": "if(test.enable){\n    await wrapper.httpClientWrapper(test.reqestInfo, test.expect.status_code, test.expect.body);\n    }\nelse{\n    this.skip()   //skip a test case\n    }",
                  "err": {
                    "message": "AssertionError: expected '{\"error\":\"Length of \\'swift_code\\' should be either 8 or 11\"}' to deeply equal '{\"success\":\"Bank details saved\"}'",
                    "estack": "AssertionError: expected '{\"error\":\"Length of \\'swift_code\\' should be either 8 or 11\"}' to deeply equal '{\"success\":\"Bank details saved\"}'\n    at /Users/zhangmingyu/airWallexApiTest/httpclient/httpclientwrapper.js:8:45\n    at processTicksAndRejections (internal/process/task_queues.js:93:5)\n    at async Context.<anonymous> (main.test.js:16:21)",
                    "diff": "- {\"error\":\"Length of 'swift_code' should be either 8 or 11\"}\n+ {\"success\":\"Bank details saved\"}\n"
                  },
                  "uuid": "f95811e7-dd73-4d5d-9621-ee7708639c07",
                  "parentUUID": "dd3ea8b2-8db4-43c6-a23e-cbbcfdae6ca9",
                  "isHook": false,
                  "skipped": false
                },
                {
                  "title": "Test scenario: Expect Fail: invalid swift_code,  SWIFT + AU  + AccountName2 + AccountNo6   + swift_code(not match) + bsb",
                  "fullTitle": "Mocha Test Test start Test scenario: Expect Fail: invalid swift_code,  SWIFT + AU  + AccountName2 + AccountNo6   + swift_code(not match) + bsb",
                  "timedOut": false,
                  "duration": 1027,
                  "state": "passed",
                  "speed": "slow",
                  "pass": true,
                  "fail": false,
                  "pending": false,
                  "context": null,
                  "code": "if(test.enable){\n    await wrapper.httpClientWrapper(test.reqestInfo, test.expect.status_code, test.expect.body);\n    }\nelse{\n    this.skip()   //skip a test case\n    }",
                  "err": {},
                  "uuid": "a6de8945-ceaf-461a-bc64-0d2146e4534e",
                  "parentUUID": "dd3ea8b2-8db4-43c6-a23e-cbbcfdae6ca9",
                  "isHook": false,
                  "skipped": false
                },
                {
                  "title": "Test scenario: Expect Fail : invalid swift_code, SWIFT + US + AccountName2 + AccountNo1 + swift_code8(not on 5th and 6th) + aba",
                  "fullTitle": "Mocha Test Test start Test scenario: Expect Fail : invalid swift_code, SWIFT + US + AccountName2 + AccountNo1 + swift_code8(not on 5th and 6th) + aba",
                  "timedOut": false,
                  "duration": 915,
                  "state": "passed",
                  "speed": "slow",
                  "pass": true,
                  "fail": false,
                  "pending": false,
                  "context": null,
                  "code": "if(test.enable){\n    await wrapper.httpClientWrapper(test.reqestInfo, test.expect.status_code, test.expect.body);\n    }\nelse{\n    this.skip()   //skip a test case\n    }",
                  "err": {},
                  "uuid": "c0b9f464-d0f6-4c42-9c58-4ef24c8acbbe",
                  "parentUUID": "dd3ea8b2-8db4-43c6-a23e-cbbcfdae6ca9",
                  "isHook": false,
                  "skipped": false
                },
                {
                  "title": "Test scenario: Expect Fail : invalid swift_code, SWIFT + CN + AccountName2 + AccountNo8  +  swift code8(not match)",
                  "fullTitle": "Mocha Test Test start Test scenario: Expect Fail : invalid swift_code, SWIFT + CN + AccountName2 + AccountNo8  +  swift code8(not match)",
                  "timedOut": false,
                  "duration": 1925,
                  "state": "passed",
                  "speed": "slow",
                  "pass": true,
                  "fail": false,
                  "pending": false,
                  "context": null,
                  "code": "if(test.enable){\n    await wrapper.httpClientWrapper(test.reqestInfo, test.expect.status_code, test.expect.body);\n    }\nelse{\n    this.skip()   //skip a test case\n    }",
                  "err": {},
                  "uuid": "ae499cf2-e6cb-401b-a043-c1253ac51b5b",
                  "parentUUID": "dd3ea8b2-8db4-43c6-a23e-cbbcfdae6ca9",
                  "isHook": false,
                  "skipped": false
                },
                {
                  "title": "Test scenario: Expect Fail: invalid bsb,  SWIFT + AU + AccountName2 + AccountNo6 + swift code8 + aba",
                  "fullTitle": "Mocha Test Test start Test scenario: Expect Fail: invalid bsb,  SWIFT + AU + AccountName2 + AccountNo6 + swift code8 + aba",
                  "timedOut": false,
                  "duration": 974,
                  "state": "passed",
                  "speed": "slow",
                  "pass": true,
                  "fail": false,
                  "pending": false,
                  "context": null,
                  "code": "if(test.enable){\n    await wrapper.httpClientWrapper(test.reqestInfo, test.expect.status_code, test.expect.body);\n    }\nelse{\n    this.skip()   //skip a test case\n    }",
                  "err": {},
                  "uuid": "2cff7cee-e77f-462d-818e-bc0cec93a85f",
                  "parentUUID": "dd3ea8b2-8db4-43c6-a23e-cbbcfdae6ca9",
                  "isHook": false,
                  "skipped": false
                },
                {
                  "title": "Test scenario: Expect Fail: invalid aba,  SWIFT + US + AccountName2 + AccountNo1 + swift code8 + bsb",
                  "fullTitle": "Mocha Test Test start Test scenario: Expect Fail: invalid aba,  SWIFT + US + AccountName2 + AccountNo1 + swift code8 + bsb",
                  "timedOut": false,
                  "duration": 882,
                  "state": "failed",
                  "speed": null,
                  "pass": false,
                  "fail": true,
                  "pending": false,
                  "context": null,
                  "code": "if(test.enable){\n    await wrapper.httpClientWrapper(test.reqestInfo, test.expect.status_code, test.expect.body);\n    }\nelse{\n    this.skip()   //skip a test case\n    }",
                  "err": {
                    "message": "AssertionError: expected '{\"error\":\"\\'aba\\' is required when bank country code is \\'US\\'\"}' to deeply equal '{\"success\":\"Bank details saved\"}'",
                    "estack": "AssertionError: expected '{\"error\":\"\\'aba\\' is required when bank country code is \\'US\\'\"}' to deeply equal '{\"success\":\"Bank details saved\"}'\n    at /Users/zhangmingyu/airWallexApiTest/httpclient/httpclientwrapper.js:8:45\n    at processTicksAndRejections (internal/process/task_queues.js:93:5)\n    at async Context.<anonymous> (main.test.js:16:21)",
                    "diff": "- {\"error\":\"'aba' is required when bank country code is 'US'\"}\n+ {\"success\":\"Bank details saved\"}\n"
                  },
                  "uuid": "3bb89b58-ae28-4358-a594-a95deae0f50f",
                  "parentUUID": "dd3ea8b2-8db4-43c6-a23e-cbbcfdae6ca9",
                  "isHook": false,
                  "skipped": false
                },
                {
                  "title": "Test scenario: Expect Fail: invalid aba,  SWIFT + US  + AccountName2+ AccountNo1  + swift code8 + aba(not9)",
                  "fullTitle": "Mocha Test Test start Test scenario: Expect Fail: invalid aba,  SWIFT + US  + AccountName2+ AccountNo1  + swift code8 + aba(not9)",
                  "timedOut": false,
                  "duration": 960,
                  "state": "passed",
                  "speed": "slow",
                  "pass": true,
                  "fail": false,
                  "pending": false,
                  "context": null,
                  "code": "if(test.enable){\n    await wrapper.httpClientWrapper(test.reqestInfo, test.expect.status_code, test.expect.body);\n    }\nelse{\n    this.skip()   //skip a test case\n    }",
                  "err": {},
                  "uuid": "c23e4027-89ea-4103-8339-44a4bbf592a1",
                  "parentUUID": "dd3ea8b2-8db4-43c6-a23e-cbbcfdae6ca9",
                  "isHook": false,
                  "skipped": false
                },
                {
                  "title": "Test scenario: Expect Fail: invalid bsb,  SWIFT + AU  + AccountName2 + AccountNo6 + swift code8 + bsb(not6)",
                  "fullTitle": "Mocha Test Test start Test scenario: Expect Fail: invalid bsb,  SWIFT + AU  + AccountName2 + AccountNo6 + swift code8 + bsb(not6)",
                  "timedOut": false,
                  "duration": 904,
                  "state": "passed",
                  "speed": "slow",
                  "pass": true,
                  "fail": false,
                  "pending": false,
                  "context": null,
                  "code": "if(test.enable){\n    await wrapper.httpClientWrapper(test.reqestInfo, test.expect.status_code, test.expect.body);\n    }\nelse{\n    this.skip()   //skip a test case\n    }",
                  "err": {},
                  "uuid": "60305c06-d4c5-4698-bd4a-e8bc72723156",
                  "parentUUID": "dd3ea8b2-8db4-43c6-a23e-cbbcfdae6ca9",
                  "isHook": false,
                  "skipped": false
                }
              ],
              "suites": [],
              "passes": [
                "2bf6cd93-0611-45d0-a108-72f0e2b67f8d",
                "78db5fef-ecd4-40e0-af1f-28bbbf498a23",
                "e3396b63-0925-4b9a-91d8-3d7bcb3ff733",
                "03b3b845-201f-4fea-8757-b8dad37dd799",
                "4d1c48d3-f314-4bfd-a21b-50561794e5a5",
                "4fad34ce-e96a-491f-ad17-5ec561923a6e",
                "c14d88ec-494e-46ea-8a38-b4a6a0367dc2",
                "446c2047-8506-4691-a915-f0b2085400d1",
                "ec881a44-f918-40ff-86cc-e2b9d05603d0",
                "785e3086-fa55-4258-aced-877e55b82f86",
                "bc383b8e-f6f0-4cd8-bbba-a193276acd05",
                "938bc749-51fc-4693-ba5c-0a2f620d0721",
                "c5f8240f-e0c2-4fb4-98f6-b3347fec4734",
                "d1357bbd-701b-47fb-bdd4-a3c0f85ecce3",
                "78b6427c-435c-4e0d-8e65-9d9fbf825eb5",
                "341771cd-4cff-4073-bbc5-6f32f84dd00f",
                "5accc387-03a7-4e21-8c09-1f45944d672d",
                "3bee9be3-c04b-414d-a45f-d84e51848aaa",
                "21b83f18-3138-4885-89dd-63b35e1add16",
                "56b58ef3-e294-4c6b-8e85-29260538c40c",
                "7476ff00-33ee-4963-9a2f-e7b4d4532420",
                "553f6599-2bb8-4866-9e42-bdf949bdaacd",
                "e6b0a676-10d0-4b35-a82f-5dc7f7b6ea7e",
                "61e4e75e-dc43-4d3a-9b11-72781b9f5e13",
                "dfce6703-a86e-4a0b-8008-3acf905eabd9",
                "75c1bb6a-9cc5-442f-a9a9-df8986eeb77b",
                "31eda708-529f-4f85-8f70-e021d305e69a",
                "cf066500-681a-4339-b243-f3f2f3ed79b5",
                "2080443a-43fc-40b6-8350-7592e0a91c5b",
                "0e43ccf3-1b0e-464d-89e0-3916615d3c76",
                "a63fb82f-457a-4618-b72e-79fa343d1782",
                "a6de8945-ceaf-461a-bc64-0d2146e4534e",
                "c0b9f464-d0f6-4c42-9c58-4ef24c8acbbe",
                "ae499cf2-e6cb-401b-a043-c1253ac51b5b",
                "2cff7cee-e77f-462d-818e-bc0cec93a85f",
                "c23e4027-89ea-4103-8339-44a4bbf592a1",
                "60305c06-d4c5-4698-bd4a-e8bc72723156"
              ],
              "failures": [
                "3d489340-6562-4323-add6-79a351fad2be",
                "f8855f3d-56d7-45b0-8a4e-29ea3f181c38",
                "7fa61a77-75ce-4e8f-a663-5fe031a952b4",
                "3387b56d-4008-4cab-a115-c16c375b3dd3",
                "c0cccaee-23ed-4383-9d22-b7c3f7d9fa89",
                "29344997-a054-4681-9430-638f9c574e8d",
                "91bf63c2-e592-4a4e-b6e7-233b9a0aa006",
                "f0302ed5-c5e5-4712-a258-abd3d12a6c9e",
                "cc5ad98e-96e5-4e59-b1cf-c689a7ccddd0",
                "936c11ab-c179-4245-928e-f4361f8096d8",
                "d7203ec3-4735-4ef7-8d13-abc9d673d65d",
                "f95811e7-dd73-4d5d-9621-ee7708639c07",
                "3bb89b58-ae28-4358-a594-a95deae0f50f"
              ],
              "pending": [],
              "skipped": [],
              "duration": 68649,
              "root": false,
              "rootEmpty": false,
              "_timeout": 20000
            }
          ],
          "passes": [],
          "failures": [],
          "pending": [],
          "skipped": [],
          "duration": 0,
          "root": false,
          "rootEmpty": false,
          "_timeout": 20000
        }
      ],
      "passes": [],
      "failures": [],
      "pending": [],
      "skipped": [],
      "duration": 0,
      "root": true,
      "rootEmpty": true,
      "_timeout": 2000
    }
  ],
  "meta": {
    "mocha": {
      "version": "8.2.1"
    },
    "mochawesome": {
      "options": {
        "quiet": false,
        "reportFilename": "mochawesome",
        "saveHtml": true,
        "saveJson": true,
        "consoleReporter": "spec",
        "useInlineDiffs": false,
        "code": true
      },
      "version": "6.2.1"
    },
    "marge": {
      "options": null,
      "version": "5.1.0"
    }
  }
}